<?xml version="1.0" encoding="UTF-8"?>
<!-- Generated by org.testng.reporters.JUnitXMLReporter -->
<testsuite ignored="0" hostname="C11-GN20EJ5WZIX" failures="0" tests="5" name="Command line test" time="31.81" errors="0" timestamp="2024-04-16T12:57:27 BST">
  <testcase classname="demoProject.UITest" name="checkProductName" time="22.881"/>
  <testcase classname="test.java.demoProject.APITest" name="verifyAPI" time="2.407"/>
  <testcase classname="test.java.demoProject.APITest" name="verifyDeleteAPI" time="0.157"/>
  <testcase classname="test.java.demoProject.APITest" name="verifyPOSTAPI" time="0.148"/>
  <testcase classname="test.java.demoProject.APITest" name="verifyPUTAPI" time="0.813"/>
</testsuite> <!-- Command line test -->
