<?xml version="1.0" encoding="UTF-8" ?>
<testsuite tests="5" failures="0" name="TestSuite" time="26.41" errors="0" skipped="0">
  <properties>
[...]
</properties>
  <testcase classname="demoProject.UITest" name="checkProductName" time="22.886"/>
  <testcase classname="test.java.demoProject.APITest" name="verifyAPI" time="2.409"/>
  <testcase classname="test.java.demoProject.APITest" name="verifyDeleteAPI" time="0.156"/>
  <testcase classname="test.java.demoProject.APITest" name="verifyPOSTAPI" time="0.147"/>
  <testcase classname="test.java.demoProject.APITest" name="verifyPUTAPI" time="0.812"/>
</testsuite>